<?xml version="1.0" encoding="UTF-8"?>
<testng-results skipped="0" failed="0" ignored="0" total="1" passed="1">
  <reporter-output>
  </reporter-output>
  <suite name="RestAssuredAutomation.RestAssuredAutomation.AppTest" duration-ms="3089" started-at="2018-11-03T03:34:08Z" finished-at="2018-11-03T03:34:11Z">
    <groups>
    </groups>
    <test name="Command line test" duration-ms="3089" started-at="2018-11-03T03:34:08Z" finished-at="2018-11-03T03:34:11Z">
      <class name="RestAssuredAutomation.RestAssuredAutomation.AppTest">
        <test-method status="PASS" signature="firstTest()[pri:0, instance:RestAssuredAutomation.RestAssuredAutomation.AppTest@148080bb]" name="firstTest" duration-ms="3059" started-at="2018-11-03T03:34:08Z" finished-at="2018-11-03T03:34:11Z">
          <reporter-output>
          </reporter-output>
        </test-method> <!-- firstTest -->
      </class> <!-- RestAssuredAutomation.RestAssuredAutomation.AppTest -->
    </test> <!-- Command line test -->
  </suite> <!-- RestAssuredAutomation.RestAssuredAutomation.AppTest -->
</testng-results>
